<?xml version="1.0" encoding="UTF-8"?>
<!-- Generated by org.testng.reporters.JUnitReportReporter -->
<testsuite skipped="0" hostname="PREDATOR300" name="TestNG.testNGMMT" tests="1" failures="0" timestamp="25 May 2018 16:14:51 GMT" time="3.802" errors="0">
  <testcase name="mmt" time="3.802" classname="TestNG.testNGMMT"/>
</testsuite> <!-- TestNG.testNGMMT -->
