<?xml version="1.0" encoding="UTF-8"?>
<!-- Generated by org.testng.reporters.JUnitReportReporter -->
<testsuite skipped="0" hostname="PREDATOR300" name="TestNG.loanCases" tests="6" failures="0" timestamp="25 May 2018 15:54:10 GMT" time="0.000" errors="0">
  <testcase name="CarLoan" time="0.000" classname="TestNG.loanCases"/>
  <testcase name="CarLoanSignUp" time="0.000" classname="TestNG.loanCases"/>
  <testcase name="HomeLoan" time="0.000" classname="TestNG.loanCases"/>
  <testcase name="EduLoanSignUp" time="0.000" classname="TestNG.loanCases"/>
  <testcase name="EduLoan" time="0.000" classname="TestNG.loanCases"/>
  <testcase name="HomeLoanSignUp" time="0.000" classname="TestNG.loanCases"/>
</testsuite> <!-- TestNG.loanCases -->
