<?xml version="1.0" encoding="UTF-8"?>
<!-- Generated by org.testng.reporters.JUnitReportReporter -->
<testsuite skipped="1" hostname="PREDATOR300" name="TestNG.helperMethods" tests="4" failures="0" timestamp="25 May 2018 15:54:10 GMT" time="0.000" errors="0">
  <testcase name="signUp" time="0.000" classname="TestNG.helperMethods"/>
  <testcase name="home" time="0.000" classname="TestNG.helperMethods"/>
  <testcase name="signOut" time="0.000" classname="TestNG.helperMethods"/>
  <testcase name="failedTestCase" classname="TestNG.helperMethods">
    <skipped/>
  </testcase> <!-- failedTestCase -->
</testsuite> <!-- TestNG.helperMethods -->
