<?xml version="1.0" encoding="UTF-8"?>
<!-- Generated by org.testng.reporters.JUnitReportReporter -->
<testsuite skipped="0" hostname="PREDATOR300" name="TestNG.priority" tests="2" failures="0" timestamp="25 May 2018 15:54:10 GMT" time="0.000" errors="0">
  <testcase name="zMethod" time="0.000" classname="TestNG.priority"/>
  <testcase name="aMethod" time="0.000" classname="TestNG.priority"/>
</testsuite> <!-- TestNG.priority -->
