<?xml version="1.0" encoding="UTF-8"?>
<!-- Generated by org.testng.reporters.JUnitReportReporter -->
<testsuite skipped="0" hostname="PREDATOR300" name="DataDriven.quoraLogin" tests="2" failures="0" timestamp="27 May 2018 09:43:38 GMT" time="14.753" errors="0">
  <testcase name="aquoraLogin" time="7.266" classname="DataDriven.quoraLogin"/>
  <testcase name="openQuora" time="7.487" classname="DataDriven.quoraLogin"/>
</testsuite> <!-- DataDriven.quoraLogin -->
