<?xml version="1.0" encoding="UTF-8"?>
<!-- Generated by org.testng.reporters.JUnitReportReporter -->
<testsuite skipped="0" hostname="PREDATOR300" name="TestNG.dataProviderExample" tests="3" failures="0" timestamp="25 May 2018 15:54:10 GMT" time="0.000" errors="0">
  <testcase name="login" time="0.000" classname="TestNG.dataProviderExample"/>
  <testcase name="login" time="0.000" classname="TestNG.dataProviderExample"/>
  <testcase name="login" time="0.000" classname="TestNG.dataProviderExample"/>
</testsuite> <!-- TestNG.dataProviderExample -->
