<?xml version="1.0" encoding="UTF-8"?>
<!-- Generated by org.testng.reporters.JUnitReportReporter -->
<testsuite skipped="1" hostname="PREDATOR300" name="DataDriven.readfromExcel" tests="2" failures="0" timestamp="27 May 2018 08:25:46 GMT" time="0.359" errors="0">
  <testcase name="setData" time="0.359" classname="DataDriven.readfromExcel"/>
  <testcase name="readData" classname="DataDriven.readfromExcel">
    <skipped/>
  </testcase> <!-- readData -->
</testsuite> <!-- DataDriven.readfromExcel -->
