<?xml version="1.0" encoding="UTF-8"?>
<!-- Generated by org.testng.reporters.JUnitReportReporter -->
<testsuite skipped="0" hostname="PREDATOR300" name="DataDriven.propertiesExample" tests="1" failures="0" timestamp="27 May 2018 05:17:15 GMT" time="10.697" errors="0">
  <testcase name="openWebsite" time="10.697" classname="DataDriven.propertiesExample"/>
</testsuite> <!-- DataDriven.propertiesExample -->
