<?xml version="1.0" encoding="UTF-8"?>
<!-- Generated by org.testng.reporters.JUnitReportReporter -->
<testsuite skipped="0" hostname="PREDATOR300" name="TestNG.grpExOne" tests="3" failures="0" timestamp="25 May 2018 15:54:10 GMT" time="0.000" errors="0">
  <testcase name="EduLoan" time="0.000" classname="TestNG.grpExOne"/>
  <testcase name="CarLoan" time="0.000" classname="TestNG.grpExOne"/>
  <testcase name="HomeLoan" time="0.000" classname="TestNG.grpExOne"/>
</testsuite> <!-- TestNG.grpExOne -->
