<?xml version="1.0" encoding="UTF-8"?>
<!-- Generated by org.testng.reporters.JUnitReportReporter -->
<testsuite skipped="0" hostname="PREDATOR300" name="DataDriven.quoraLogin" tests="2" failures="0" timestamp="30 May 2018 17:56:43 GMT" time="17.655" errors="0">
  <testcase name="aquoraLogin" time="8.822" classname="DataDriven.quoraLogin"/>
  <testcase name="openQuora" time="8.833" classname="DataDriven.quoraLogin"/>
</testsuite> <!-- DataDriven.quoraLogin -->
