<?xml version="1.0" encoding="UTF-8"?>
<!-- Generated by org.testng.reporters.JUnitReportReporter -->
<testsuite skipped="0" hostname="PREDATOR300" name="TestNG.basicProgramOne" tests="2" failures="0" timestamp="25 May 2018 15:54:10 GMT" time="0.000" errors="0">
  <testcase name="programOneMethodA" time="0.000" classname="TestNG.basicProgramOne"/>
  <testcase name="programOneMethodB" time="0.000" classname="TestNG.basicProgramOne"/>
</testsuite> <!-- TestNG.basicProgramOne -->
