<?xml version="1.0" encoding="UTF-8"?>
<!-- Generated by org.testng.reporters.JUnitReportReporter -->
<testsuite skipped="0" hostname="PREDATOR300" name="SampleTest.redBus" tests="2" failures="0" timestamp="31 May 2018 15:56:52 GMT" time="21.632" errors="0">
  <testcase name="manageBooking" time="6.147" classname="SampleTest.redBus"/>
  <testcase name="openRedbus" time="15.485" classname="SampleTest.redBus"/>
</testsuite> <!-- SampleTest.redBus -->
