<?xml version="1.0" encoding="UTF-8"?>
<!-- Generated by org.testng.reporters.JUnitReportReporter -->
<testsuite skipped="0" hostname="PREDATOR300" name="DataDriven.facebookLogin" tests="2" failures="0" timestamp="30 May 2018 18:57:15 GMT" time="13.341" errors="0">
  <testcase name="openFacebook" time="6.333" classname="DataDriven.facebookLogin"/>
  <testcase name="validateLogin" time="7.008" classname="DataDriven.facebookLogin"/>
</testsuite> <!-- DataDriven.facebookLogin -->
