<?xml version="1.0" encoding="UTF-8"?>
<!-- Generated by org.testng.reporters.JUnitReportReporter -->
<testsuite skipped="0" hostname="PREDATOR300" name="TestNG.testNGRedbus" tests="1" failures="0" timestamp="25 May 2018 16:14:51 GMT" time="4.667" errors="0">
  <testcase name="redOpen" time="4.667" classname="TestNG.testNGRedbus"/>
</testsuite> <!-- TestNG.testNGRedbus -->
